Performing C SOURCE FILE Test CMAKE_HAVE_LIBC_PTHREAD failed with the following output:
Change Dir: /home/weebee/catkin_ws/src/offboard_drone/cmake-build-debug/CMakeFiles/CMakeTmp

Run Build Command(s):/usr/bin/make cmTC_ac22e/fast && /usr/bin/make  -f CMakeFiles/cmTC_ac22e.dir/build.make CMakeFiles/cmTC_ac22e.dir/build
make[1]: Entering directory '/home/weebee/catkin_ws/src/offboard_drone/cmake-build-debug/CMakeFiles/CMakeTmp'
Building C object CMakeFiles/cmTC_ac22e.dir/src.c.o
/usr/bin/cc   -DCMAKE_HAVE_LIBC_PTHREAD   -o CMakeFiles/cmTC_ac22e.dir/src.c.o   -c /home/weebee/catkin_ws/src/offboard_drone/cmake-build-debug/CMakeFiles/CMakeTmp/src.c
Linking C executable cmTC_ac22e
/opt/clion-2020.3.2/bin/cmake/linux/bin/cmake -E cmake_link_script CMakeFiles/cmTC_ac22e.dir/link.txt --verbose=1
/usr/bin/cc  -DCMAKE_HAVE_LIBC_PTHREAD    -rdynamic CMakeFiles/cmTC_ac22e.dir/src.c.o  -o cmTC_ac22e 
CMakeFiles/cmTC_ac22e.dir/src.c.o: In function `main':
src.c:(.text+0x3e): undefined reference to `pthread_create'
src.c:(.text+0x4a): undefined reference to `pthread_detach'
src.c:(.text+0x56): undefined reference to `pthread_cancel'
src.c:(.text+0x67): undefined reference to `pthread_join'
src.c:(.text+0x7b): undefined reference to `pthread_atfork'
collect2: error: ld returned 1 exit status
CMakeFiles/cmTC_ac22e.dir/build.make:106: recipe for target 'cmTC_ac22e' failed
make[1]: *** [cmTC_ac22e] Error 1
make[1]: Leaving directory '/home/weebee/catkin_ws/src/offboard_drone/cmake-build-debug/CMakeFiles/CMakeTmp'
Makefile:141: recipe for target 'cmTC_ac22e/fast' failed
make: *** [cmTC_ac22e/fast] Error 2


Source file was:
#include <pthread.h>

void* test_func(void* data)
{
  return data;
}

int main(void)
{
  pthread_t thread;
  pthread_create(&thread, NULL, test_func, NULL);
  pthread_detach(thread);
  pthread_cancel(thread);
  pthread_join(thread, NULL);
  pthread_atfork(NULL, NULL, NULL);
  pthread_exit(NULL);

  return 0;
}

Determining if the function pthread_create exists in the pthreads failed with the following output:
Change Dir: /home/weebee/catkin_ws/src/offboard_drone/cmake-build-debug/CMakeFiles/CMakeTmp

Run Build Command(s):/usr/bin/make cmTC_0b7ff/fast && /usr/bin/make  -f CMakeFiles/cmTC_0b7ff.dir/build.make CMakeFiles/cmTC_0b7ff.dir/build
make[1]: Entering directory '/home/weebee/catkin_ws/src/offboard_drone/cmake-build-debug/CMakeFiles/CMakeTmp'
Building C object CMakeFiles/cmTC_0b7ff.dir/CheckFunctionExists.c.o
/usr/bin/cc   -DCHECK_FUNCTION_EXISTS=pthread_create   -o CMakeFiles/cmTC_0b7ff.dir/CheckFunctionExists.c.o   -c /opt/clion-2020.3.2/bin/cmake/linux/share/cmake-3.17/Modules/CheckFunctionExists.c
Linking C executable cmTC_0b7ff
/opt/clion-2020.3.2/bin/cmake/linux/bin/cmake -E cmake_link_script CMakeFiles/cmTC_0b7ff.dir/link.txt --verbose=1
/usr/bin/cc  -DCHECK_FUNCTION_EXISTS=pthread_create    -rdynamic CMakeFiles/cmTC_0b7ff.dir/CheckFunctionExists.c.o  -o cmTC_0b7ff  -lpthreads 
/usr/bin/ld: cannot find -lpthreads
collect2: error: ld returned 1 exit status
CMakeFiles/cmTC_0b7ff.dir/build.make:106: recipe for target 'cmTC_0b7ff' failed
make[1]: *** [cmTC_0b7ff] Error 1
make[1]: Leaving directory '/home/weebee/catkin_ws/src/offboard_drone/cmake-build-debug/CMakeFiles/CMakeTmp'
Makefile:141: recipe for target 'cmTC_0b7ff/fast' failed
make: *** [cmTC_0b7ff/fast] Error 2



